<?xml version="1.0" encoding="UTF-8" ?>
<testsuite tests="9" failures="0" name="se.swedenconnect.opensaml.saml2.attribute.AttributeUtilsTest" time="0.008" errors="0" skipped="0">
  <properties>
[...]
</properties>
  <testcase classname="se.swedenconnect.opensaml.saml2.attribute.AttributeUtilsTest" name="testGetAttributeValueBoolean" time="0"/>
  <testcase classname="se.swedenconnect.opensaml.saml2.attribute.AttributeUtilsTest" name="testGetAttributeStringValueNoType" time="0"/>
  <testcase classname="se.swedenconnect.opensaml.saml2.attribute.AttributeUtilsTest" name="testGetAttributeStringValue" time="0"/>
  <testcase classname="se.swedenconnect.opensaml.saml2.attribute.AttributeUtilsTest" name="testGetAttributeValue" time="0"/>
  <testcase classname="se.swedenconnect.opensaml.saml2.attribute.AttributeUtilsTest" name="testGetAttributeValueInteger" time="0"/>
  <testcase classname="se.swedenconnect.opensaml.saml2.attribute.AttributeUtilsTest" name="testGetAttribute" time="0"/>
  <testcase classname="se.swedenconnect.opensaml.saml2.attribute.AttributeUtilsTest" name="testGetAttributeValues" time="0.001"/>
  <testcase classname="se.swedenconnect.opensaml.saml2.attribute.AttributeUtilsTest" name="testGetAttributeValueDateTime" time="0.007"/>
  <testcase classname="se.swedenconnect.opensaml.saml2.attribute.AttributeUtilsTest" name="testGetAttributeStringValues" time="0"/>
</testsuite>